<?xml version="1.0" encoding="UTF-8" ?>
<testsuite tests="1" failures="0" name="GreetingTest" time="0.037" errors="0" skipped="0">
  <properties>
    <property name="idea.version" value="2018.3"/>
    <property name="java.runtime.name" value="Java(TM) SE Runtime Environment"/>
    <property name="sun.boot.library.path" value="/home/zfc/jdk1.8.0_191/jre/lib/amd64"/>
    <property name="java.vm.version" value="25.191-b12"/>
    <property name="java.vm.vendor" value="Oracle Corporation"/>
    <property name="java.vendor.url" value="http://java.oracle.com/"/>
    <property name="path.separator" value=":"/>
    <property name="java.vm.name" value="Java HotSpot(TM) 64-Bit Server VM"/>
    <property name="file.encoding.pkg" value="sun.io"/>
    <property name="user.country" value="US"/>
    <property name="sun.java.launcher" value="SUN_STANDARD"/>
    <property name="sun.os.patch.level" value="unknown"/>
    <property name="java.vm.specification.name" value="Java Virtual Machine Specification"/>
    <property name="user.dir" value="/home/zfc/code/gluster_project5/hycloud-client"/>
    <property name="java.runtime.version" value="1.8.0_191-b12"/>
    <property name="java.awt.graphicsenv" value="sun.awt.X11GraphicsEnvironment"/>
    <property name="basedir" value="/home/zfc/code/gluster_project5/hycloud-client"/>
    <property name="java.endorsed.dirs" value="/home/zfc/jdk1.8.0_191/jre/lib/endorsed"/>
    <property name="os.arch" value="amd64"/>
    <property name="surefire.real.class.path" value="/home/zfc/code/gluster_project5/hycloud-client/target/surefire/surefirebooter4277411705812736124.jar"/>
    <property name="java.io.tmpdir" value="/tmp"/>
    <property name="line.separator" value="
"/>
    <property name="java.vm.specification.vendor" value="Oracle Corporation"/>
    <property name="os.name" value="Linux"/>
    <property name="sun.jnu.encoding" value="UTF-8"/>
    <property name="java.library.path" value="/home/zfc/code/gluster_project5/hycloud-client/target/classes"/>
    <property name="surefire.test.class.path" value="/home/zfc/code/gluster_project5/hycloud-client/target/test-classes:/home/zfc/code/gluster_project5/hycloud-client/target/classes:/root/.m2/repository/com/beust/jcommander/1.72/jcommander-1.72.jar:/root/.m2/repository/org/xerial/sqlite-jdbc/3.25.2/sqlite-jdbc-3.25.2.jar:/root/.m2/repository/com/alibaba/fastjson/1.2.51/fastjson-1.2.51.jar:/home/zfc/code/gluster_project5/hycloud-interface/target/hycloud-interface-0.0.1-SNAPSHOT.jar:/root/.m2/repository/junit/junit/4.0/junit-4.0.jar:/root/.m2/repository/com/github/fommil/jniloader/1.1/jniloader-1.1.jar:"/>
    <property name="java.specification.name" value="Java Platform API Specification"/>
    <property name="java.class.version" value="52.0"/>
    <property name="sun.management.compiler" value="HotSpot 64-Bit Tiered Compilers"/>
    <property name="os.version" value="4.15.0-45-generic"/>
    <property name="user.home" value="/root"/>
    <property name="user.timezone" value="America/New_York"/>
    <property name="java.awt.printerjob" value="sun.print.PSPrinterJob"/>
    <property name="java.specification.version" value="1.8"/>
    <property name="file.encoding" value="UTF-8"/>
    <property name="user.name" value="root"/>
    <property name="java.class.path" value="/home/zfc/code/gluster_project5/hycloud-client/target/test-classes:/home/zfc/code/gluster_project5/hycloud-client/target/classes:/root/.m2/repository/com/beust/jcommander/1.72/jcommander-1.72.jar:/root/.m2/repository/org/xerial/sqlite-jdbc/3.25.2/sqlite-jdbc-3.25.2.jar:/root/.m2/repository/com/alibaba/fastjson/1.2.51/fastjson-1.2.51.jar:/home/zfc/code/gluster_project5/hycloud-interface/target/hycloud-interface-0.0.1-SNAPSHOT.jar:/root/.m2/repository/junit/junit/4.0/junit-4.0.jar:/root/.m2/repository/com/github/fommil/jniloader/1.1/jniloader-1.1.jar:"/>
    <property name="java.vm.specification.version" value="1.8"/>
    <property name="sun.arch.data.model" value="64"/>
    <property name="java.home" value="/home/zfc/jdk1.8.0_191/jre"/>
    <property name="sun.java.command" value="/home/zfc/code/gluster_project5/hycloud-client/target/surefire/surefirebooter4277411705812736124.jar /home/zfc/code/gluster_project5/hycloud-client/target/surefire/surefire2549398466453154087tmp /home/zfc/code/gluster_project5/hycloud-client/target/surefire/surefire3480011257162519728tmp"/>
    <property name="java.specification.vendor" value="Oracle Corporation"/>
    <property name="user.language" value="en"/>
    <property name="awt.toolkit" value="sun.awt.X11.XToolkit"/>
    <property name="java.vm.info" value="mixed mode"/>
    <property name="java.version" value="1.8.0_191"/>
    <property name="java.ext.dirs" value="/home/zfc/jdk1.8.0_191/jre/lib/ext:/usr/java/packages/lib/ext"/>
    <property name="sun.boot.class.path" value="/home/zfc/jdk1.8.0_191/jre/lib/resources.jar:/home/zfc/jdk1.8.0_191/jre/lib/rt.jar:/home/zfc/jdk1.8.0_191/jre/lib/sunrsasign.jar:/home/zfc/jdk1.8.0_191/jre/lib/jsse.jar:/home/zfc/jdk1.8.0_191/jre/lib/jce.jar:/home/zfc/jdk1.8.0_191/jre/lib/charsets.jar:/home/zfc/jdk1.8.0_191/jre/lib/jfr.jar:/home/zfc/jdk1.8.0_191/jre/classes"/>
    <property name="java.vendor" value="Oracle Corporation"/>
    <property name="localRepository" value="/root/.m2/repository"/>
    <property name="file.separator" value="/"/>
    <property name="java.vendor.url.bug" value="http://bugreport.sun.com/bugreport/"/>
    <property name="sun.cpu.endian" value="little"/>
    <property name="sun.io.unicode.encoding" value="UnicodeLittle"/>
    <property name="sun.desktop" value="gnome"/>
    <property name="sun.cpu.isalist" value=""/>
  </properties>
  <testcase classname="GreetingTest" name="testGreeting" time="0.026"/>
</testsuite>