<?xml version="1.0" encoding="UTF-8"?>
<testsuite xmlns:xsi="http://www.w3.org/2001/XMLSchema-instance" xsi:noNamespaceSchemaLocation="https://maven.apache.org/surefire/maven-surefire-plugin/xsd/surefire-test-report.xsd" name="cn.edu.nudt.hycloudserver.HycloudServerApplicationTests" time="15.263" tests="1" errors="0" skipped="0" failures="0">
  <properties>
    <property name="sun.desktop" value="gnome"/>
    <property name="awt.toolkit" value="sun.awt.X11.XToolkit"/>
    <property name="file.encoding.pkg" value="sun.io"/>
    <property name="java.specification.version" value="1.8"/>
    <property name="sun.cpu.isalist" value=""/>
    <property name="sun.jnu.encoding" value="UTF-8"/>
    <property name="java.class.path" value="/home/ftpuser/gluster_project5.0/hycloud-server/target/test-classes:/home/ftpuser/gluster_project5.0/hycloud-server/target/classes:/home/hadoop/.m2/repository/net/java/dev/jna/jna/4.5.2/jna-4.5.2.jar:/home/hadoop/.m2/repository/org/springframework/boot/spring-boot-starter-thymeleaf/2.1.0.RELEASE/spring-boot-starter-thymeleaf-2.1.0.RELEASE.jar:/home/hadoop/.m2/repository/org/thymeleaf/thymeleaf-spring5/3.0.11.RELEASE/thymeleaf-spring5-3.0.11.RELEASE.jar:/home/hadoop/.m2/repository/org/thymeleaf/thymeleaf/3.0.11.RELEASE/thymeleaf-3.0.11.RELEASE.jar:/home/hadoop/.m2/repository/org/attoparser/attoparser/2.0.5.RELEASE/attoparser-2.0.5.RELEASE.jar:/home/hadoop/.m2/repository/org/unbescape/unbescape/1.1.6.RELEASE/unbescape-1.1.6.RELEASE.jar:/home/hadoop/.m2/repository/org/thymeleaf/extras/thymeleaf-extras-java8time/3.0.1.RELEASE/thymeleaf-extras-java8time-3.0.1.RELEASE.jar:/home/hadoop/.m2/repository/org/springframework/boot/spring-boot-devtools/2.1.0.RELEASE/spring-boot-devtools-2.1.0.RELEASE.jar:/home/hadoop/.m2/repository/org/springframework/boot/spring-boot/2.1.0.RELEASE/spring-boot-2.1.0.RELEASE.jar:/home/hadoop/.m2/repository/org/springframework/spring-context/5.1.2.RELEASE/spring-context-5.1.2.RELEASE.jar:/home/hadoop/.m2/repository/org/springframework/boot/spring-boot-autoconfigure/2.1.0.RELEASE/spring-boot-autoconfigure-2.1.0.RELEASE.jar:/home/hadoop/.m2/repository/org/springframework/boot/spring-boot-starter/2.1.0.RELEASE/spring-boot-starter-2.1.0.RELEASE.jar:/home/hadoop/.m2/repository/org/springframework/boot/spring-boot-starter-logging/2.1.0.RELEASE/spring-boot-starter-logging-2.1.0.RELEASE.jar:/home/hadoop/.m2/repository/ch/qos/logback/logback-classic/1.2.3/logback-classic-1.2.3.jar:/home/hadoop/.m2/repository/ch/qos/logback/logback-core/1.2.3/logback-core-1.2.3.jar:/home/hadoop/.m2/repository/org/apache/logging/log4j/log4j-to-slf4j/2.11.1/log4j-to-slf4j-2.11.1.jar:/home/hadoop/.m2/repository/org/apache/logging/log4j/log4j-api/2.11.1/log4j-api-2.11.1.jar:/home/hadoop/.m2/repository/org/slf4j/jul-to-slf4j/1.7.25/jul-to-slf4j-1.7.25.jar:/home/hadoop/.m2/repository/javax/annotation/javax.annotation-api/1.3.2/javax.annotation-api-1.3.2.jar:/home/hadoop/.m2/repository/org/springframework/spring-core/5.1.2.RELEASE/spring-core-5.1.2.RELEASE.jar:/home/hadoop/.m2/repository/org/springframework/spring-jcl/5.1.2.RELEASE/spring-jcl-5.1.2.RELEASE.jar:/home/hadoop/.m2/repository/org/yaml/snakeyaml/1.23/snakeyaml-1.23.jar:/home/hadoop/.m2/repository/org/springframework/boot/spring-boot-starter-web/1.5.9.RELEASE/spring-boot-starter-web-1.5.9.RELEASE.jar:/home/hadoop/.m2/repository/org/springframework/boot/spring-boot-starter-tomcat/2.1.0.RELEASE/spring-boot-starter-tomcat-2.1.0.RELEASE.jar:/home/hadoop/.m2/repository/org/apache/tomcat/embed/tomcat-embed-core/9.0.12/tomcat-embed-core-9.0.12.jar:/home/hadoop/.m2/repository/org/apache/tomcat/embed/tomcat-embed-el/9.0.12/tomcat-embed-el-9.0.12.jar:/home/hadoop/.m2/repository/org/apache/tomcat/embed/tomcat-embed-websocket/9.0.12/tomcat-embed-websocket-9.0.12.jar:/home/hadoop/.m2/repository/org/hibernate/hibernate-validator/5.3.6.Final/hibernate-validator-5.3.6.Final.jar:/home/hadoop/.m2/repository/javax/validation/validation-api/2.0.1.Final/validation-api-2.0.1.Final.jar:/home/hadoop/.m2/repository/org/jboss/logging/jboss-logging/3.3.2.Final/jboss-logging-3.3.2.Final.jar:/home/hadoop/.m2/repository/com/fasterxml/classmate/1.4.0/classmate-1.4.0.jar:/home/hadoop/.m2/repository/com/fasterxml/jackson/core/jackson-databind/2.9.7/jackson-databind-2.9.7.jar:/home/hadoop/.m2/repository/com/fasterxml/jackson/core/jackson-annotations/2.9.0/jackson-annotations-2.9.0.jar:/home/hadoop/.m2/repository/com/fasterxml/jackson/core/jackson-core/2.9.7/jackson-core-2.9.7.jar:/home/hadoop/.m2/repository/org/springframework/spring-web/5.1.2.RELEASE/spring-web-5.1.2.RELEASE.jar:/home/hadoop/.m2/repository/org/springframework/spring-beans/5.1.2.RELEASE/spring-beans-5.1.2.RELEASE.jar:/home/hadoop/.m2/repository/org/springframework/spring-webmvc/5.1.2.RELEASE/spring-webmvc-5.1.2.RELEASE.jar:/home/hadoop/.m2/repository/org/springframework/spring-aop/5.1.2.RELEASE/spring-aop-5.1.2.RELEASE.jar:/home/hadoop/.m2/repository/org/springframework/spring-expression/5.1.2.RELEASE/spring-expression-5.1.2.RELEASE.jar:/home/hadoop/.m2/repository/org/springframework/boot/spring-boot-starter-test/2.1.0.RELEASE/spring-boot-starter-test-2.1.0.RELEASE.jar:/home/hadoop/.m2/repository/org/springframework/boot/spring-boot-test/2.1.0.RELEASE/spring-boot-test-2.1.0.RELEASE.jar:/home/hadoop/.m2/repository/org/springframework/boot/spring-boot-test-autoconfigure/2.1.0.RELEASE/spring-boot-test-autoconfigure-2.1.0.RELEASE.jar:/home/hadoop/.m2/repository/com/jayway/jsonpath/json-path/2.4.0/json-path-2.4.0.jar:/home/hadoop/.m2/repository/net/minidev/json-smart/2.3/json-smart-2.3.jar:/home/hadoop/.m2/repository/net/minidev/accessors-smart/1.2/accessors-smart-1.2.jar:/home/hadoop/.m2/repository/org/ow2/asm/asm/5.0.4/asm-5.0.4.jar:/home/hadoop/.m2/repository/junit/junit/4.12/junit-4.12.jar:/home/hadoop/.m2/repository/org/assertj/assertj-core/3.11.1/assertj-core-3.11.1.jar:/home/hadoop/.m2/repository/org/mockito/mockito-core/2.23.0/mockito-core-2.23.0.jar:/home/hadoop/.m2/repository/net/bytebuddy/byte-buddy/1.9.3/byte-buddy-1.9.3.jar:/home/hadoop/.m2/repository/net/bytebuddy/byte-buddy-agent/1.9.3/byte-buddy-agent-1.9.3.jar:/home/hadoop/.m2/repository/org/objenesis/objenesis/2.6/objenesis-2.6.jar:/home/hadoop/.m2/repository/org/hamcrest/hamcrest-core/1.3/hamcrest-core-1.3.jar:/home/hadoop/.m2/repository/org/hamcrest/hamcrest-library/1.3/hamcrest-library-1.3.jar:/home/hadoop/.m2/repository/org/skyscreamer/jsonassert/1.5.0/jsonassert-1.5.0.jar:/home/hadoop/.m2/repository/com/vaadin/external/google/android-json/0.0.20131108.vaadin1/android-json-0.0.20131108.vaadin1.jar:/home/hadoop/.m2/repository/org/springframework/spring-test/5.1.2.RELEASE/spring-test-5.1.2.RELEASE.jar:/home/hadoop/.m2/repository/org/xmlunit/xmlunit-core/2.6.2/xmlunit-core-2.6.2.jar:/home/hadoop/.m2/repository/org/springframework/boot/spring-boot-starter-data-jpa/2.1.0.RELEASE/spring-boot-starter-data-jpa-2.1.0.RELEASE.jar:/home/hadoop/.m2/repository/org/springframework/boot/spring-boot-starter-aop/2.1.0.RELEASE/spring-boot-starter-aop-2.1.0.RELEASE.jar:/home/hadoop/.m2/repository/org/aspectj/aspectjweaver/1.9.2/aspectjweaver-1.9.2.jar:/home/hadoop/.m2/repository/org/springframework/boot/spring-boot-starter-jdbc/2.1.0.RELEASE/spring-boot-starter-jdbc-2.1.0.RELEASE.jar:/home/hadoop/.m2/repository/com/zaxxer/HikariCP/3.2.0/HikariCP-3.2.0.jar:/home/hadoop/.m2/repository/org/springframework/spring-jdbc/5.1.2.RELEASE/spring-jdbc-5.1.2.RELEASE.jar:/home/hadoop/.m2/repository/javax/transaction/javax.transaction-api/1.3/javax.transaction-api-1.3.jar:/home/hadoop/.m2/repository/javax/xml/bind/jaxb-api/2.3.1/jaxb-api-2.3.1.jar:/home/hadoop/.m2/repository/javax/activation/javax.activation-api/1.2.0/javax.activation-api-1.2.0.jar:/home/hadoop/.m2/repository/org/hibernate/hibernate-core/5.3.7.Final/hibernate-core-5.3.7.Final.jar:/home/hadoop/.m2/repository/javax/persistence/javax.persistence-api/2.2/javax.persistence-api-2.2.jar:/home/hadoop/.m2/repository/org/javassist/javassist/3.23.1-GA/javassist-3.23.1-GA.jar:/home/hadoop/.m2/repository/antlr/antlr/2.7.7/antlr-2.7.7.jar:/home/hadoop/.m2/repository/org/jboss/jandex/2.0.5.Final/jandex-2.0.5.Final.jar:/home/hadoop/.m2/repository/org/dom4j/dom4j/2.1.1/dom4j-2.1.1.jar:/home/hadoop/.m2/repository/org/hibernate/common/hibernate-commons-annotations/5.0.4.Final/hibernate-commons-annotations-5.0.4.Final.jar:/home/hadoop/.m2/repository/org/springframework/data/spring-data-jpa/2.1.2.RELEASE/spring-data-jpa-2.1.2.RELEASE.jar:/home/hadoop/.m2/repository/org/springframework/data/spring-data-commons/2.1.2.RELEASE/spring-data-commons-2.1.2.RELEASE.jar:/home/hadoop/.m2/repository/org/springframework/spring-orm/5.1.2.RELEASE/spring-orm-5.1.2.RELEASE.jar:/home/hadoop/.m2/repository/org/springframework/spring-tx/5.1.2.RELEASE/spring-tx-5.1.2.RELEASE.jar:/home/hadoop/.m2/repository/org/springframework/spring-aspects/5.1.2.RELEASE/spring-aspects-5.1.2.RELEASE.jar:/home/hadoop/.m2/repository/mysql/mysql-connector-java/8.0.13/mysql-connector-java-8.0.13.jar:/home/ftpuser/gluster_project5.0/hycloud-interface/target/hycloud-interface-0.0.1-SNAPSHOT.jar:/home/hadoop/.m2/repository/com/alibaba/fastjson/1.2.51/fastjson-1.2.51.jar:/home/hadoop/.m2/repository/com/beust/jcommander/1.72/jcommander-1.72.jar:/home/hadoop/.m2/repository/ch/cern/hadoop/hadoop-common/2.7.5.1/hadoop-common-2.7.5.1.jar:/home/hadoop/.m2/repository/ch/cern/hadoop/hadoop-annotations/2.7.5.1/hadoop-annotations-2.7.5.1.jar:/usr/local/jdk1.8/jdk/jre/../lib/tools.jar:/home/hadoop/.m2/repository/com/google/guava/guava/11.0.2/guava-11.0.2.jar:/home/hadoop/.m2/repository/commons-cli/commons-cli/1.2/commons-cli-1.2.jar:/home/hadoop/.m2/repository/org/apache/commons/commons-math3/3.1.1/commons-math3-3.1.1.jar:/home/hadoop/.m2/repository/xmlenc/xmlenc/0.52/xmlenc-0.52.jar:/home/hadoop/.m2/repository/commons-httpclient/commons-httpclient/3.1/commons-httpclient-3.1.jar:/home/hadoop/.m2/repository/commons-codec/commons-codec/1.11/commons-codec-1.11.jar:/home/hadoop/.m2/repository/commons-io/commons-io/2.4/commons-io-2.4.jar:/home/hadoop/.m2/repository/commons-net/commons-net/3.1/commons-net-3.1.jar:/home/hadoop/.m2/repository/commons-collections/commons-collections/3.2.2/commons-collections-3.2.2.jar:/home/hadoop/.m2/repository/javax/servlet/servlet-api/2.5/servlet-api-2.5.jar:/home/hadoop/.m2/repository/org/mortbay/jetty/jetty/6.1.26/jetty-6.1.26.jar:/home/hadoop/.m2/repository/org/mortbay/jetty/jetty-util/6.1.26/jetty-util-6.1.26.jar:/home/hadoop/.m2/repository/org/mortbay/jetty/jetty-sslengine/6.1.26/jetty-sslengine-6.1.26.jar:/home/hadoop/.m2/repository/javax/servlet/jsp/jsp-api/2.1/jsp-api-2.1.jar:/home/hadoop/.m2/repository/com/sun/jersey/jersey-core/1.9/jersey-core-1.9.jar:/home/hadoop/.m2/repository/com/sun/jersey/jersey-json/1.9/jersey-json-1.9.jar:/home/hadoop/.m2/repository/org/codehaus/jettison/jettison/1.1/jettison-1.1.jar:/home/hadoop/.m2/repository/com/sun/xml/bind/jaxb-impl/2.2.3-1/jaxb-impl-2.2.3-1.jar:/home/hadoop/.m2/repository/org/codehaus/jackson/jackson-jaxrs/1.8.3/jackson-jaxrs-1.8.3.jar:/home/hadoop/.m2/repository/org/codehaus/jackson/jackson-xc/1.8.3/jackson-xc-1.8.3.jar:/home/hadoop/.m2/repository/com/sun/jersey/jersey-server/1.9/jersey-server-1.9.jar:/home/hadoop/.m2/repository/asm/asm/3.1/asm-3.1.jar:/home/hadoop/.m2/repository/commons-logging/commons-logging/1.1.3/commons-logging-1.1.3.jar:/home/hadoop/.m2/repository/log4j/log4j/1.2.17/log4j-1.2.17.jar:/home/hadoop/.m2/repository/net/java/dev/jets3t/jets3t/0.9.0/jets3t-0.9.0.jar:/home/hadoop/.m2/repository/org/apache/httpcomponents/httpclient/4.5.6/httpclient-4.5.6.jar:/home/hadoop/.m2/repository/org/apache/httpcomponents/httpcore/4.4.10/httpcore-4.4.10.jar:/home/hadoop/.m2/repository/com/jamesmurty/utils/java-xmlbuilder/0.4/java-xmlbuilder-0.4.jar:/home/hadoop/.m2/repository/commons-lang/commons-lang/2.6/commons-lang-2.6.jar:/home/hadoop/.m2/repository/commons-configuration/commons-configuration/1.6/commons-configuration-1.6.jar:/home/hadoop/.m2/repository/commons-digester/commons-digester/1.8/commons-digester-1.8.jar:/home/hadoop/.m2/repository/commons-beanutils/commons-beanutils/1.7.0/commons-beanutils-1.7.0.jar:/home/hadoop/.m2/repository/commons-beanutils/commons-beanutils-core/1.8.0/commons-beanutils-core-1.8.0.jar:/home/hadoop/.m2/repository/org/slf4j/slf4j-api/1.7.25/slf4j-api-1.7.25.jar:/home/hadoop/.m2/repository/org/slf4j/slf4j-log4j12/1.7.25/slf4j-log4j12-1.7.25.jar:/home/hadoop/.m2/repository/org/codehaus/jackson/jackson-core-asl/1.9.13/jackson-core-asl-1.9.13.jar:/home/hadoop/.m2/repository/org/codehaus/jackson/jackson-mapper-asl/1.9.13/jackson-mapper-asl-1.9.13.jar:/home/hadoop/.m2/repository/org/apache/avro/avro/1.7.4/avro-1.7.4.jar:/home/hadoop/.m2/repository/com/thoughtworks/paranamer/paranamer/2.3/paranamer-2.3.jar:/home/hadoop/.m2/repository/org/xerial/snappy/snappy-java/1.0.4.1/snappy-java-1.0.4.1.jar:/home/hadoop/.m2/repository/com/google/protobuf/protobuf-java/2.5.0/protobuf-java-2.5.0.jar:/home/hadoop/.m2/repository/com/google/code/gson/gson/2.8.5/gson-2.8.5.jar:/home/hadoop/.m2/repository/ch/cern/hadoop/hadoop-auth/2.7.5.1/hadoop-auth-2.7.5.1.jar:/home/hadoop/.m2/repository/org/apache/directory/server/apacheds-kerberos-codec/2.0.0-M15/apacheds-kerberos-codec-2.0.0-M15.jar:/home/hadoop/.m2/repository/org/apache/directory/server/apacheds-i18n/2.0.0-M15/apacheds-i18n-2.0.0-M15.jar:/home/hadoop/.m2/repository/org/apache/directory/api/api-asn1-api/1.0.0-M20/api-asn1-api-1.0.0-M20.jar:/home/hadoop/.m2/repository/org/apache/directory/api/api-util/1.0.0-M20/api-util-1.0.0-M20.jar:/home/hadoop/.m2/repository/org/apache/curator/curator-framework/2.7.1/curator-framework-2.7.1.jar:/home/hadoop/.m2/repository/com/jcraft/jsch/0.1.54/jsch-0.1.54.jar:/home/hadoop/.m2/repository/org/apache/curator/curator-client/2.7.1/curator-client-2.7.1.jar:/home/hadoop/.m2/repository/org/apache/curator/curator-recipes/2.7.1/curator-recipes-2.7.1.jar:/home/hadoop/.m2/repository/com/google/code/findbugs/jsr305/3.0.0/jsr305-3.0.0.jar:/home/hadoop/.m2/repository/org/apache/htrace/htrace-core/3.1.0-incubating/htrace-core-3.1.0-incubating.jar:/home/hadoop/.m2/repository/org/apache/zookeeper/zookeeper/3.4.6/zookeeper-3.4.6.jar:/home/hadoop/.m2/repository/org/apache/commons/commons-compress/1.4.1/commons-compress-1.4.1.jar:/home/hadoop/.m2/repository/org/tukaani/xz/1.0/xz-1.0.jar:/home/hadoop/.m2/repository/ch/cern/hadoop/hadoop-hdfs/2.7.5.1/hadoop-hdfs-2.7.5.1.jar:/home/hadoop/.m2/repository/commons-daemon/commons-daemon/1.0.13/commons-daemon-1.0.13.jar:/home/hadoop/.m2/repository/io/netty/netty/3.6.2.Final/netty-3.6.2.Final.jar:/home/hadoop/.m2/repository/io/netty/netty-all/4.1.29.Final/netty-all-4.1.29.Final.jar:/home/hadoop/.m2/repository/xerces/xercesImpl/2.9.1/xercesImpl-2.9.1.jar:/home/hadoop/.m2/repository/xml-apis/xml-apis/1.4.01/xml-apis-1.4.01.jar:/home/hadoop/.m2/repository/org/fusesource/leveldbjni/leveldbjni-all/1.8/leveldbjni-all-1.8.jar:/home/hadoop/.m2/repository/org/apache/hadoop/hadoop-maven-plugins/3.1.1/hadoop-maven-plugins-3.1.1.jar:/home/hadoop/.m2/repository/org/apache/maven/maven-plugin-api/3.0/maven-plugin-api-3.0.jar:/home/hadoop/.m2/repository/org/apache/maven/maven-model/3.0/maven-model-3.0.jar:/home/hadoop/.m2/repository/org/apache/maven/maven-artifact/3.0/maven-artifact-3.0.jar:/home/hadoop/.m2/repository/org/sonatype/sisu/sisu-inject-plexus/1.4.2/sisu-inject-plexus-1.4.2.jar:/home/hadoop/.m2/repository/org/sonatype/sisu/sisu-inject-bean/1.4.2/sisu-inject-bean-1.4.2.jar:/home/hadoop/.m2/repository/org/sonatype/sisu/sisu-guice/2.1.7/sisu-guice-2.1.7-noaop.jar:/home/hadoop/.m2/repository/org/apache/maven/maven-core/3.0/maven-core-3.0.jar:/home/hadoop/.m2/repository/org/apache/maven/maven-settings/3.0/maven-settings-3.0.jar:/home/hadoop/.m2/repository/org/apache/maven/maven-settings-builder/3.0/maven-settings-builder-3.0.jar:/home/hadoop/.m2/repository/org/apache/maven/maven-repository-metadata/3.0/maven-repository-metadata-3.0.jar:/home/hadoop/.m2/repository/org/apache/maven/maven-model-builder/3.0/maven-model-builder-3.0.jar:/home/hadoop/.m2/repository/org/apache/maven/maven-aether-provider/3.0/maven-aether-provider-3.0.jar:/home/hadoop/.m2/repository/org/sonatype/aether/aether-impl/1.7/aether-impl-1.7.jar:/home/hadoop/.m2/repository/org/sonatype/aether/aether-spi/1.7/aether-spi-1.7.jar:/home/hadoop/.m2/repository/org/sonatype/aether/aether-api/1.7/aether-api-1.7.jar:/home/hadoop/.m2/repository/org/sonatype/aether/aether-util/1.7/aether-util-1.7.jar:/home/hadoop/.m2/repository/org/codehaus/plexus/plexus-interpolation/1.14/plexus-interpolation-1.14.jar:/home/hadoop/.m2/repository/org/codehaus/plexus/plexus-utils/2.0.4/plexus-utils-2.0.4.jar:/home/hadoop/.m2/repository/org/codehaus/plexus/plexus-classworlds/2.2.3/plexus-classworlds-2.2.3.jar:/home/hadoop/.m2/repository/org/codehaus/plexus/plexus-component-annotations/1.5.5/plexus-component-annotations-1.5.5.jar:/home/hadoop/.m2/repository/org/sonatype/plexus/plexus-sec-dispatcher/1.3/plexus-sec-dispatcher-1.3.jar:/home/hadoop/.m2/repository/org/sonatype/plexus/plexus-cipher/1.4/plexus-cipher-1.4.jar:"/>
    <property name="java.vm.vendor" value="Oracle Corporation"/>
    <property name="sun.arch.data.model" value="64"/>
    <property name="java.vendor.url" value="http://java.oracle.com/"/>
    <property name="user.timezone" value=""/>
    <property name="java.vm.specification.version" value="1.8"/>
    <property name="os.name" value="Linux"/>
    <property name="user.country" value="CN"/>
    <property name="sun.java.launcher" value="SUN_STANDARD"/>
    <property name="sun.boot.library.path" value="/usr/local/jdk1.8/jdk/jre/lib/amd64"/>
    <property name="sun.java.command" value="/home/ftpuser/gluster_project5.0/hycloud-server/target/surefire/surefirebooter2838842439534407051.jar /home/ftpuser/gluster_project5.0/hycloud-server/target/surefire 2019-03-25T20-15-10_489-jvmRun1 surefire1840689241045517720tmp surefire_06542303442663721447tmp"/>
    <property name="surefire.test.class.path" value="/home/ftpuser/gluster_project5.0/hycloud-server/target/test-classes:/home/ftpuser/gluster_project5.0/hycloud-server/target/classes:/home/hadoop/.m2/repository/net/java/dev/jna/jna/4.5.2/jna-4.5.2.jar:/home/hadoop/.m2/repository/org/springframework/boot/spring-boot-starter-thymeleaf/2.1.0.RELEASE/spring-boot-starter-thymeleaf-2.1.0.RELEASE.jar:/home/hadoop/.m2/repository/org/thymeleaf/thymeleaf-spring5/3.0.11.RELEASE/thymeleaf-spring5-3.0.11.RELEASE.jar:/home/hadoop/.m2/repository/org/thymeleaf/thymeleaf/3.0.11.RELEASE/thymeleaf-3.0.11.RELEASE.jar:/home/hadoop/.m2/repository/org/attoparser/attoparser/2.0.5.RELEASE/attoparser-2.0.5.RELEASE.jar:/home/hadoop/.m2/repository/org/unbescape/unbescape/1.1.6.RELEASE/unbescape-1.1.6.RELEASE.jar:/home/hadoop/.m2/repository/org/thymeleaf/extras/thymeleaf-extras-java8time/3.0.1.RELEASE/thymeleaf-extras-java8time-3.0.1.RELEASE.jar:/home/hadoop/.m2/repository/org/springframework/boot/spring-boot-devtools/2.1.0.RELEASE/spring-boot-devtools-2.1.0.RELEASE.jar:/home/hadoop/.m2/repository/org/springframework/boot/spring-boot/2.1.0.RELEASE/spring-boot-2.1.0.RELEASE.jar:/home/hadoop/.m2/repository/org/springframework/spring-context/5.1.2.RELEASE/spring-context-5.1.2.RELEASE.jar:/home/hadoop/.m2/repository/org/springframework/boot/spring-boot-autoconfigure/2.1.0.RELEASE/spring-boot-autoconfigure-2.1.0.RELEASE.jar:/home/hadoop/.m2/repository/org/springframework/boot/spring-boot-starter/2.1.0.RELEASE/spring-boot-starter-2.1.0.RELEASE.jar:/home/hadoop/.m2/repository/org/springframework/boot/spring-boot-starter-logging/2.1.0.RELEASE/spring-boot-starter-logging-2.1.0.RELEASE.jar:/home/hadoop/.m2/repository/ch/qos/logback/logback-classic/1.2.3/logback-classic-1.2.3.jar:/home/hadoop/.m2/repository/ch/qos/logback/logback-core/1.2.3/logback-core-1.2.3.jar:/home/hadoop/.m2/repository/org/apache/logging/log4j/log4j-to-slf4j/2.11.1/log4j-to-slf4j-2.11.1.jar:/home/hadoop/.m2/repository/org/apache/logging/log4j/log4j-api/2.11.1/log4j-api-2.11.1.jar:/home/hadoop/.m2/repository/org/slf4j/jul-to-slf4j/1.7.25/jul-to-slf4j-1.7.25.jar:/home/hadoop/.m2/repository/javax/annotation/javax.annotation-api/1.3.2/javax.annotation-api-1.3.2.jar:/home/hadoop/.m2/repository/org/springframework/spring-core/5.1.2.RELEASE/spring-core-5.1.2.RELEASE.jar:/home/hadoop/.m2/repository/org/springframework/spring-jcl/5.1.2.RELEASE/spring-jcl-5.1.2.RELEASE.jar:/home/hadoop/.m2/repository/org/yaml/snakeyaml/1.23/snakeyaml-1.23.jar:/home/hadoop/.m2/repository/org/springframework/boot/spring-boot-starter-web/1.5.9.RELEASE/spring-boot-starter-web-1.5.9.RELEASE.jar:/home/hadoop/.m2/repository/org/springframework/boot/spring-boot-starter-tomcat/2.1.0.RELEASE/spring-boot-starter-tomcat-2.1.0.RELEASE.jar:/home/hadoop/.m2/repository/org/apache/tomcat/embed/tomcat-embed-core/9.0.12/tomcat-embed-core-9.0.12.jar:/home/hadoop/.m2/repository/org/apache/tomcat/embed/tomcat-embed-el/9.0.12/tomcat-embed-el-9.0.12.jar:/home/hadoop/.m2/repository/org/apache/tomcat/embed/tomcat-embed-websocket/9.0.12/tomcat-embed-websocket-9.0.12.jar:/home/hadoop/.m2/repository/org/hibernate/hibernate-validator/5.3.6.Final/hibernate-validator-5.3.6.Final.jar:/home/hadoop/.m2/repository/javax/validation/validation-api/2.0.1.Final/validation-api-2.0.1.Final.jar:/home/hadoop/.m2/repository/org/jboss/logging/jboss-logging/3.3.2.Final/jboss-logging-3.3.2.Final.jar:/home/hadoop/.m2/repository/com/fasterxml/classmate/1.4.0/classmate-1.4.0.jar:/home/hadoop/.m2/repository/com/fasterxml/jackson/core/jackson-databind/2.9.7/jackson-databind-2.9.7.jar:/home/hadoop/.m2/repository/com/fasterxml/jackson/core/jackson-annotations/2.9.0/jackson-annotations-2.9.0.jar:/home/hadoop/.m2/repository/com/fasterxml/jackson/core/jackson-core/2.9.7/jackson-core-2.9.7.jar:/home/hadoop/.m2/repository/org/springframework/spring-web/5.1.2.RELEASE/spring-web-5.1.2.RELEASE.jar:/home/hadoop/.m2/repository/org/springframework/spring-beans/5.1.2.RELEASE/spring-beans-5.1.2.RELEASE.jar:/home/hadoop/.m2/repository/org/springframework/spring-webmvc/5.1.2.RELEASE/spring-webmvc-5.1.2.RELEASE.jar:/home/hadoop/.m2/repository/org/springframework/spring-aop/5.1.2.RELEASE/spring-aop-5.1.2.RELEASE.jar:/home/hadoop/.m2/repository/org/springframework/spring-expression/5.1.2.RELEASE/spring-expression-5.1.2.RELEASE.jar:/home/hadoop/.m2/repository/org/springframework/boot/spring-boot-starter-test/2.1.0.RELEASE/spring-boot-starter-test-2.1.0.RELEASE.jar:/home/hadoop/.m2/repository/org/springframework/boot/spring-boot-test/2.1.0.RELEASE/spring-boot-test-2.1.0.RELEASE.jar:/home/hadoop/.m2/repository/org/springframework/boot/spring-boot-test-autoconfigure/2.1.0.RELEASE/spring-boot-test-autoconfigure-2.1.0.RELEASE.jar:/home/hadoop/.m2/repository/com/jayway/jsonpath/json-path/2.4.0/json-path-2.4.0.jar:/home/hadoop/.m2/repository/net/minidev/json-smart/2.3/json-smart-2.3.jar:/home/hadoop/.m2/repository/net/minidev/accessors-smart/1.2/accessors-smart-1.2.jar:/home/hadoop/.m2/repository/org/ow2/asm/asm/5.0.4/asm-5.0.4.jar:/home/hadoop/.m2/repository/junit/junit/4.12/junit-4.12.jar:/home/hadoop/.m2/repository/org/assertj/assertj-core/3.11.1/assertj-core-3.11.1.jar:/home/hadoop/.m2/repository/org/mockito/mockito-core/2.23.0/mockito-core-2.23.0.jar:/home/hadoop/.m2/repository/net/bytebuddy/byte-buddy/1.9.3/byte-buddy-1.9.3.jar:/home/hadoop/.m2/repository/net/bytebuddy/byte-buddy-agent/1.9.3/byte-buddy-agent-1.9.3.jar:/home/hadoop/.m2/repository/org/objenesis/objenesis/2.6/objenesis-2.6.jar:/home/hadoop/.m2/repository/org/hamcrest/hamcrest-core/1.3/hamcrest-core-1.3.jar:/home/hadoop/.m2/repository/org/hamcrest/hamcrest-library/1.3/hamcrest-library-1.3.jar:/home/hadoop/.m2/repository/org/skyscreamer/jsonassert/1.5.0/jsonassert-1.5.0.jar:/home/hadoop/.m2/repository/com/vaadin/external/google/android-json/0.0.20131108.vaadin1/android-json-0.0.20131108.vaadin1.jar:/home/hadoop/.m2/repository/org/springframework/spring-test/5.1.2.RELEASE/spring-test-5.1.2.RELEASE.jar:/home/hadoop/.m2/repository/org/xmlunit/xmlunit-core/2.6.2/xmlunit-core-2.6.2.jar:/home/hadoop/.m2/repository/org/springframework/boot/spring-boot-starter-data-jpa/2.1.0.RELEASE/spring-boot-starter-data-jpa-2.1.0.RELEASE.jar:/home/hadoop/.m2/repository/org/springframework/boot/spring-boot-starter-aop/2.1.0.RELEASE/spring-boot-starter-aop-2.1.0.RELEASE.jar:/home/hadoop/.m2/repository/org/aspectj/aspectjweaver/1.9.2/aspectjweaver-1.9.2.jar:/home/hadoop/.m2/repository/org/springframework/boot/spring-boot-starter-jdbc/2.1.0.RELEASE/spring-boot-starter-jdbc-2.1.0.RELEASE.jar:/home/hadoop/.m2/repository/com/zaxxer/HikariCP/3.2.0/HikariCP-3.2.0.jar:/home/hadoop/.m2/repository/org/springframework/spring-jdbc/5.1.2.RELEASE/spring-jdbc-5.1.2.RELEASE.jar:/home/hadoop/.m2/repository/javax/transaction/javax.transaction-api/1.3/javax.transaction-api-1.3.jar:/home/hadoop/.m2/repository/javax/xml/bind/jaxb-api/2.3.1/jaxb-api-2.3.1.jar:/home/hadoop/.m2/repository/javax/activation/javax.activation-api/1.2.0/javax.activation-api-1.2.0.jar:/home/hadoop/.m2/repository/org/hibernate/hibernate-core/5.3.7.Final/hibernate-core-5.3.7.Final.jar:/home/hadoop/.m2/repository/javax/persistence/javax.persistence-api/2.2/javax.persistence-api-2.2.jar:/home/hadoop/.m2/repository/org/javassist/javassist/3.23.1-GA/javassist-3.23.1-GA.jar:/home/hadoop/.m2/repository/antlr/antlr/2.7.7/antlr-2.7.7.jar:/home/hadoop/.m2/repository/org/jboss/jandex/2.0.5.Final/jandex-2.0.5.Final.jar:/home/hadoop/.m2/repository/org/dom4j/dom4j/2.1.1/dom4j-2.1.1.jar:/home/hadoop/.m2/repository/org/hibernate/common/hibernate-commons-annotations/5.0.4.Final/hibernate-commons-annotations-5.0.4.Final.jar:/home/hadoop/.m2/repository/org/springframework/data/spring-data-jpa/2.1.2.RELEASE/spring-data-jpa-2.1.2.RELEASE.jar:/home/hadoop/.m2/repository/org/springframework/data/spring-data-commons/2.1.2.RELEASE/spring-data-commons-2.1.2.RELEASE.jar:/home/hadoop/.m2/repository/org/springframework/spring-orm/5.1.2.RELEASE/spring-orm-5.1.2.RELEASE.jar:/home/hadoop/.m2/repository/org/springframework/spring-tx/5.1.2.RELEASE/spring-tx-5.1.2.RELEASE.jar:/home/hadoop/.m2/repository/org/springframework/spring-aspects/5.1.2.RELEASE/spring-aspects-5.1.2.RELEASE.jar:/home/hadoop/.m2/repository/mysql/mysql-connector-java/8.0.13/mysql-connector-java-8.0.13.jar:/home/ftpuser/gluster_project5.0/hycloud-interface/target/hycloud-interface-0.0.1-SNAPSHOT.jar:/home/hadoop/.m2/repository/com/alibaba/fastjson/1.2.51/fastjson-1.2.51.jar:/home/hadoop/.m2/repository/com/beust/jcommander/1.72/jcommander-1.72.jar:/home/hadoop/.m2/repository/ch/cern/hadoop/hadoop-common/2.7.5.1/hadoop-common-2.7.5.1.jar:/home/hadoop/.m2/repository/ch/cern/hadoop/hadoop-annotations/2.7.5.1/hadoop-annotations-2.7.5.1.jar:/usr/local/jdk1.8/jdk/jre/../lib/tools.jar:/home/hadoop/.m2/repository/com/google/guava/guava/11.0.2/guava-11.0.2.jar:/home/hadoop/.m2/repository/commons-cli/commons-cli/1.2/commons-cli-1.2.jar:/home/hadoop/.m2/repository/org/apache/commons/commons-math3/3.1.1/commons-math3-3.1.1.jar:/home/hadoop/.m2/repository/xmlenc/xmlenc/0.52/xmlenc-0.52.jar:/home/hadoop/.m2/repository/commons-httpclient/commons-httpclient/3.1/commons-httpclient-3.1.jar:/home/hadoop/.m2/repository/commons-codec/commons-codec/1.11/commons-codec-1.11.jar:/home/hadoop/.m2/repository/commons-io/commons-io/2.4/commons-io-2.4.jar:/home/hadoop/.m2/repository/commons-net/commons-net/3.1/commons-net-3.1.jar:/home/hadoop/.m2/repository/commons-collections/commons-collections/3.2.2/commons-collections-3.2.2.jar:/home/hadoop/.m2/repository/javax/servlet/servlet-api/2.5/servlet-api-2.5.jar:/home/hadoop/.m2/repository/org/mortbay/jetty/jetty/6.1.26/jetty-6.1.26.jar:/home/hadoop/.m2/repository/org/mortbay/jetty/jetty-util/6.1.26/jetty-util-6.1.26.jar:/home/hadoop/.m2/repository/org/mortbay/jetty/jetty-sslengine/6.1.26/jetty-sslengine-6.1.26.jar:/home/hadoop/.m2/repository/javax/servlet/jsp/jsp-api/2.1/jsp-api-2.1.jar:/home/hadoop/.m2/repository/com/sun/jersey/jersey-core/1.9/jersey-core-1.9.jar:/home/hadoop/.m2/repository/com/sun/jersey/jersey-json/1.9/jersey-json-1.9.jar:/home/hadoop/.m2/repository/org/codehaus/jettison/jettison/1.1/jettison-1.1.jar:/home/hadoop/.m2/repository/com/sun/xml/bind/jaxb-impl/2.2.3-1/jaxb-impl-2.2.3-1.jar:/home/hadoop/.m2/repository/org/codehaus/jackson/jackson-jaxrs/1.8.3/jackson-jaxrs-1.8.3.jar:/home/hadoop/.m2/repository/org/codehaus/jackson/jackson-xc/1.8.3/jackson-xc-1.8.3.jar:/home/hadoop/.m2/repository/com/sun/jersey/jersey-server/1.9/jersey-server-1.9.jar:/home/hadoop/.m2/repository/asm/asm/3.1/asm-3.1.jar:/home/hadoop/.m2/repository/commons-logging/commons-logging/1.1.3/commons-logging-1.1.3.jar:/home/hadoop/.m2/repository/log4j/log4j/1.2.17/log4j-1.2.17.jar:/home/hadoop/.m2/repository/net/java/dev/jets3t/jets3t/0.9.0/jets3t-0.9.0.jar:/home/hadoop/.m2/repository/org/apache/httpcomponents/httpclient/4.5.6/httpclient-4.5.6.jar:/home/hadoop/.m2/repository/org/apache/httpcomponents/httpcore/4.4.10/httpcore-4.4.10.jar:/home/hadoop/.m2/repository/com/jamesmurty/utils/java-xmlbuilder/0.4/java-xmlbuilder-0.4.jar:/home/hadoop/.m2/repository/commons-lang/commons-lang/2.6/commons-lang-2.6.jar:/home/hadoop/.m2/repository/commons-configuration/commons-configuration/1.6/commons-configuration-1.6.jar:/home/hadoop/.m2/repository/commons-digester/commons-digester/1.8/commons-digester-1.8.jar:/home/hadoop/.m2/repository/commons-beanutils/commons-beanutils/1.7.0/commons-beanutils-1.7.0.jar:/home/hadoop/.m2/repository/commons-beanutils/commons-beanutils-core/1.8.0/commons-beanutils-core-1.8.0.jar:/home/hadoop/.m2/repository/org/slf4j/slf4j-api/1.7.25/slf4j-api-1.7.25.jar:/home/hadoop/.m2/repository/org/slf4j/slf4j-log4j12/1.7.25/slf4j-log4j12-1.7.25.jar:/home/hadoop/.m2/repository/org/codehaus/jackson/jackson-core-asl/1.9.13/jackson-core-asl-1.9.13.jar:/home/hadoop/.m2/repository/org/codehaus/jackson/jackson-mapper-asl/1.9.13/jackson-mapper-asl-1.9.13.jar:/home/hadoop/.m2/repository/org/apache/avro/avro/1.7.4/avro-1.7.4.jar:/home/hadoop/.m2/repository/com/thoughtworks/paranamer/paranamer/2.3/paranamer-2.3.jar:/home/hadoop/.m2/repository/org/xerial/snappy/snappy-java/1.0.4.1/snappy-java-1.0.4.1.jar:/home/hadoop/.m2/repository/com/google/protobuf/protobuf-java/2.5.0/protobuf-java-2.5.0.jar:/home/hadoop/.m2/repository/com/google/code/gson/gson/2.8.5/gson-2.8.5.jar:/home/hadoop/.m2/repository/ch/cern/hadoop/hadoop-auth/2.7.5.1/hadoop-auth-2.7.5.1.jar:/home/hadoop/.m2/repository/org/apache/directory/server/apacheds-kerberos-codec/2.0.0-M15/apacheds-kerberos-codec-2.0.0-M15.jar:/home/hadoop/.m2/repository/org/apache/directory/server/apacheds-i18n/2.0.0-M15/apacheds-i18n-2.0.0-M15.jar:/home/hadoop/.m2/repository/org/apache/directory/api/api-asn1-api/1.0.0-M20/api-asn1-api-1.0.0-M20.jar:/home/hadoop/.m2/repository/org/apache/directory/api/api-util/1.0.0-M20/api-util-1.0.0-M20.jar:/home/hadoop/.m2/repository/org/apache/curator/curator-framework/2.7.1/curator-framework-2.7.1.jar:/home/hadoop/.m2/repository/com/jcraft/jsch/0.1.54/jsch-0.1.54.jar:/home/hadoop/.m2/repository/org/apache/curator/curator-client/2.7.1/curator-client-2.7.1.jar:/home/hadoop/.m2/repository/org/apache/curator/curator-recipes/2.7.1/curator-recipes-2.7.1.jar:/home/hadoop/.m2/repository/com/google/code/findbugs/jsr305/3.0.0/jsr305-3.0.0.jar:/home/hadoop/.m2/repository/org/apache/htrace/htrace-core/3.1.0-incubating/htrace-core-3.1.0-incubating.jar:/home/hadoop/.m2/repository/org/apache/zookeeper/zookeeper/3.4.6/zookeeper-3.4.6.jar:/home/hadoop/.m2/repository/org/apache/commons/commons-compress/1.4.1/commons-compress-1.4.1.jar:/home/hadoop/.m2/repository/org/tukaani/xz/1.0/xz-1.0.jar:/home/hadoop/.m2/repository/ch/cern/hadoop/hadoop-hdfs/2.7.5.1/hadoop-hdfs-2.7.5.1.jar:/home/hadoop/.m2/repository/commons-daemon/commons-daemon/1.0.13/commons-daemon-1.0.13.jar:/home/hadoop/.m2/repository/io/netty/netty/3.6.2.Final/netty-3.6.2.Final.jar:/home/hadoop/.m2/repository/io/netty/netty-all/4.1.29.Final/netty-all-4.1.29.Final.jar:/home/hadoop/.m2/repository/xerces/xercesImpl/2.9.1/xercesImpl-2.9.1.jar:/home/hadoop/.m2/repository/xml-apis/xml-apis/1.4.01/xml-apis-1.4.01.jar:/home/hadoop/.m2/repository/org/fusesource/leveldbjni/leveldbjni-all/1.8/leveldbjni-all-1.8.jar:/home/hadoop/.m2/repository/org/apache/hadoop/hadoop-maven-plugins/3.1.1/hadoop-maven-plugins-3.1.1.jar:/home/hadoop/.m2/repository/org/apache/maven/maven-plugin-api/3.0/maven-plugin-api-3.0.jar:/home/hadoop/.m2/repository/org/apache/maven/maven-model/3.0/maven-model-3.0.jar:/home/hadoop/.m2/repository/org/apache/maven/maven-artifact/3.0/maven-artifact-3.0.jar:/home/hadoop/.m2/repository/org/sonatype/sisu/sisu-inject-plexus/1.4.2/sisu-inject-plexus-1.4.2.jar:/home/hadoop/.m2/repository/org/sonatype/sisu/sisu-inject-bean/1.4.2/sisu-inject-bean-1.4.2.jar:/home/hadoop/.m2/repository/org/sonatype/sisu/sisu-guice/2.1.7/sisu-guice-2.1.7-noaop.jar:/home/hadoop/.m2/repository/org/apache/maven/maven-core/3.0/maven-core-3.0.jar:/home/hadoop/.m2/repository/org/apache/maven/maven-settings/3.0/maven-settings-3.0.jar:/home/hadoop/.m2/repository/org/apache/maven/maven-settings-builder/3.0/maven-settings-builder-3.0.jar:/home/hadoop/.m2/repository/org/apache/maven/maven-repository-metadata/3.0/maven-repository-metadata-3.0.jar:/home/hadoop/.m2/repository/org/apache/maven/maven-model-builder/3.0/maven-model-builder-3.0.jar:/home/hadoop/.m2/repository/org/apache/maven/maven-aether-provider/3.0/maven-aether-provider-3.0.jar:/home/hadoop/.m2/repository/org/sonatype/aether/aether-impl/1.7/aether-impl-1.7.jar:/home/hadoop/.m2/repository/org/sonatype/aether/aether-spi/1.7/aether-spi-1.7.jar:/home/hadoop/.m2/repository/org/sonatype/aether/aether-api/1.7/aether-api-1.7.jar:/home/hadoop/.m2/repository/org/sonatype/aether/aether-util/1.7/aether-util-1.7.jar:/home/hadoop/.m2/repository/org/codehaus/plexus/plexus-interpolation/1.14/plexus-interpolation-1.14.jar:/home/hadoop/.m2/repository/org/codehaus/plexus/plexus-utils/2.0.4/plexus-utils-2.0.4.jar:/home/hadoop/.m2/repository/org/codehaus/plexus/plexus-classworlds/2.2.3/plexus-classworlds-2.2.3.jar:/home/hadoop/.m2/repository/org/codehaus/plexus/plexus-component-annotations/1.5.5/plexus-component-annotations-1.5.5.jar:/home/hadoop/.m2/repository/org/sonatype/plexus/plexus-sec-dispatcher/1.3/plexus-sec-dispatcher-1.3.jar:/home/hadoop/.m2/repository/org/sonatype/plexus/plexus-cipher/1.4/plexus-cipher-1.4.jar:"/>
    <property name="sun.cpu.endian" value="little"/>
    <property name="user.home" value="/home/hadoop"/>
    <property name="user.language" value="zh"/>
    <property name="java.specification.vendor" value="Oracle Corporation"/>
    <property name="java.home" value="/usr/local/jdk1.8/jdk/jre"/>
    <property name="basedir" value="/home/ftpuser/gluster_project5.0/hycloud-server"/>
    <property name="file.separator" value="/"/>
    <property name="line.separator" value="&#10;"/>
    <property name="java.vm.specification.vendor" value="Oracle Corporation"/>
    <property name="java.specification.name" value="Java Platform API Specification"/>
    <property name="java.awt.graphicsenv" value="sun.awt.X11GraphicsEnvironment"/>
    <property name="surefire.real.class.path" value="/home/ftpuser/gluster_project5.0/hycloud-server/target/surefire/surefirebooter2838842439534407051.jar"/>
    <property name="sun.boot.class.path" value="/usr/local/jdk1.8/jdk/jre/lib/resources.jar:/usr/local/jdk1.8/jdk/jre/lib/rt.jar:/usr/local/jdk1.8/jdk/jre/lib/sunrsasign.jar:/usr/local/jdk1.8/jdk/jre/lib/jsse.jar:/usr/local/jdk1.8/jdk/jre/lib/jce.jar:/usr/local/jdk1.8/jdk/jre/lib/charsets.jar:/usr/local/jdk1.8/jdk/jre/lib/jfr.jar:/usr/local/jdk1.8/jdk/jre/classes"/>
    <property name="sun.management.compiler" value="HotSpot 64-Bit Tiered Compilers"/>
    <property name="java.runtime.version" value="1.8.0_171-b11"/>
    <property name="user.name" value="hadoop"/>
    <property name="path.separator" value=":"/>
    <property name="os.version" value="4.4.0-142-generic"/>
    <property name="java.endorsed.dirs" value="/usr/local/jdk1.8/jdk/jre/lib/endorsed"/>
    <property name="java.runtime.name" value="Java(TM) SE Runtime Environment"/>
    <property name="file.encoding" value="UTF-8"/>
    <property name="java.vm.name" value="Java HotSpot(TM) 64-Bit Server VM"/>
    <property name="localRepository" value="/home/hadoop/.m2/repository"/>
    <property name="java.vendor.url.bug" value="http://bugreport.sun.com/bugreport/"/>
    <property name="java.io.tmpdir" value="/tmp"/>
    <property name="idea.version" value="2018.2.5"/>
    <property name="java.version" value="1.8.0_171"/>
    <property name="user.dir" value="/home/ftpuser/gluster_project5.0/hycloud-server"/>
    <property name="os.arch" value="amd64"/>
    <property name="java.vm.specification.name" value="Java Virtual Machine Specification"/>
    <property name="java.awt.printerjob" value="sun.print.PSPrinterJob"/>
    <property name="sun.os.patch.level" value="unknown"/>
    <property name="java.library.path" value="/usr/java/packages/lib/amd64:/usr/lib64:/lib64:/lib:/usr/lib"/>
    <property name="java.vm.info" value="mixed mode"/>
    <property name="java.vendor" value="Oracle Corporation"/>
    <property name="java.vm.version" value="25.171-b11"/>
    <property name="java.ext.dirs" value="/usr/local/jdk1.8/jdk/jre/lib/ext:/usr/java/packages/lib/ext"/>
    <property name="sun.io.unicode.encoding" value="UnicodeLittle"/>
    <property name="java.class.version" value="52.0"/>
  </properties>
  <testcase name="contextLoads" classname="cn.edu.nudt.hycloudserver.HycloudServerApplicationTests" time="0.092"/>
</testsuite>